<?xml version="1.0" encoding="UTF-8"?>
<!-- Generated by org.testng.reporters.JUnitReportReporter -->
<testsuite hostname="LTIN469579" failures="0" tests="8" name="cabBooking.MakeMyTrip_TestNG" time="82.444" errors="0" timestamp="2025-08-13T11:39:30 IST" skipped="0">
  <testcase classname="cabBooking.MakeMyTrip_TestNG" name="makeMyTrip" time="6.971"/>
  <testcase classname="cabBooking.MakeMyTrip_TestNG" name="navigateToCabs" time="3.230"/>
  <testcase classname="cabBooking.MakeMyTrip_TestNG" name="selectFromAndToCity" time="25.851"/>
  <testcase classname="cabBooking.MakeMyTrip_TestNG" name="selectSUV" time="4.844"/>
  <testcase classname="cabBooking.MakeMyTrip_TestNG" name="lowestCharge" time="1.180"/>
  <testcase classname="cabBooking.MakeMyTrip_TestNG" name="adultCount" time="9.494"/>
  <testcase classname="cabBooking.MakeMyTrip_TestNG" name="validateResult" time="30.553"/>
  <testcase classname="cabBooking.MakeMyTrip_TestNG" name="captureScreenshot" time="0.321"/>
</testsuite> <!-- cabBooking.MakeMyTrip_TestNG -->
