<?xml version="1.0" encoding="UTF-8"?>
<!-- Generated by org.testng.reporters.JUnitReportReporter -->
<testsuite hostname="DESKTOP-86MKL7J" failures="0" tests="7" name="cabBooking.MakeMyTrip_TestNG" time="50.040" errors="0" timestamp="2025-08-19T17:31:57 IST" skipped="0">
  <testcase classname="cabBooking.MakeMyTrip_TestNG" name="makeMyTrip" time="3.316"/>
  <testcase classname="cabBooking.MakeMyTrip_TestNG" name="navigateToCabs" time="2.388"/>
  <testcase classname="cabBooking.MakeMyTrip_TestNG" name="selectFromAndToCity" time="8.820"/>
  <testcase classname="cabBooking.MakeMyTrip_TestNG" name="selectSUV" time="10.245"/>
  <testcase classname="cabBooking.MakeMyTrip_TestNG" name="lowestCharge" time="2.489"/>
  <testcase classname="cabBooking.MakeMyTrip_TestNG" name="adultCount" time="7.172"/>
  <testcase classname="cabBooking.MakeMyTrip_TestNG" name="validateResult" time="15.610"/>
</testsuite> <!-- cabBooking.MakeMyTrip_TestNG -->
